<?xml version="1.0" encoding="UTF-8"?>
<!-- Generated by org.testng.reporters.JUnitXMLReporter -->
<testsuite ignored="0" hostname="Air-de-Marthe" failures="0" tests="3" name="Login Test" time="21.601" errors="0" timestamp="2020-09-24T14:24:59 CEST">
  <testcase classname="it.testware.testcases.AddCustomerTest" name="@AfterMethod afterMethod" time="0.077">
    <failure type="org.openqa.selenium.UnhandledAlertException" message="Dismissed user prompt dialog: Customer added successfully with customer id :6: 
Build info: version: &amp;apos;3.141.59&amp;apos;, revision: &amp;apos;e82be7d358&amp;apos;, time: &amp;apos;2018-11-14T08:17:03&amp;apos;
System info: host: &amp;apos;Air-de-Marthe&amp;apos;, ip: &amp;apos;fe80:0:0:0:1098:8827:a33a:7e7d%en0&amp;apos;, os.name: &amp;apos;Mac OS X&amp;apos;, os.arch: &amp;apos;x86_64&amp;apos;, os.version: &amp;apos;10.15.5&amp;apos;, java.version: &amp;apos;13.0.2&amp;apos;
Driver info: org.openqa.selenium.firefox.FirefoxDriver
Capabilities {acceptInsecureCerts: true, browserName: firefox, browserVersion: 80.0.1, javascriptEnabled: true, moz:accessibilityChecks: false, moz:buildID: 20200831163820, moz:geckodriverVersion: 0.26.0, moz:headless: false, moz:processID: 1840, moz:profile: /var/folders/wz/ypl56sj97p3..., moz:shutdownTimeout: 60000, moz:useNonSpecCompliantPointerOrigin: false, moz:webdriverClick: true, pageLoadStrategy: normal, platform: MAC, platformName: MAC, platformVersion: 19.5.0, rotatable: false, setWindowRect: true, strictFileInteractability: false, timeouts: {implicit: 0, pageLoad: 300000, script: 30000}, unhandledPromptBehavior: dismiss and notify}
Session ID: 1cbf4cbc-8a4a-574e-a31b-fe05aadb61a5">
      <![CDATA[org.openqa.selenium.UnhandledAlertException: Dismissed user prompt dialog: Customer added successfully with customer id :6: 
Build info: version: '3.141.59', revision: 'e82be7d358', time: '2018-11-14T08:17:03'
System info: host: 'Air-de-Marthe', ip: 'fe80:0:0:0:1098:8827:a33a:7e7d%en0', os.name: 'Mac OS X', os.arch: 'x86_64', os.version: '10.15.5', java.version: '13.0.2'
Driver info: org.openqa.selenium.firefox.FirefoxDriver
Capabilities {acceptInsecureCerts: true, browserName: firefox, browserVersion: 80.0.1, javascriptEnabled: true, moz:accessibilityChecks: false, moz:buildID: 20200831163820, moz:geckodriverVersion: 0.26.0, moz:headless: false, moz:processID: 1840, moz:profile: /var/folders/wz/ypl56sj97p3..., moz:shutdownTimeout: 60000, moz:useNonSpecCompliantPointerOrigin: false, moz:webdriverClick: true, pageLoadStrategy: normal, platform: MAC, platformName: MAC, platformVersion: 19.5.0, rotatable: false, setWindowRect: true, strictFileInteractability: false, timeouts: {implicit: 0, pageLoad: 300000, script: 30000}, unhandledPromptBehavior: dismiss and notify}
Session ID: 1cbf4cbc-8a4a-574e-a31b-fe05aadb61a5
at org.openqa.selenium.remote.http.W3CHttpResponseCodec.decode(W3CHttpResponseCodec.java:120)
at org.openqa.selenium.remote.http.W3CHttpResponseCodec.decode(W3CHttpResponseCodec.java:49)
at org.openqa.selenium.remote.HttpCommandExecutor.execute(HttpCommandExecutor.java:158)
at org.openqa.selenium.remote.service.DriverCommandExecutor.execute(DriverCommandExecutor.java:83)
at org.openqa.selenium.remote.RemoteWebDriver.execute(RemoteWebDriver.java:552)
at org.openqa.selenium.remote.RemoteWebDriver.execute(RemoteWebDriver.java:609)
at org.openqa.selenium.remote.RemoteWebDriver.close(RemoteWebDriver.java:442)
at it.testware.testcases.AddCustomerTest.afterMethod(AddCustomerTest.java:32)
at java.base/java.util.ArrayList.forEach(ArrayList.java:1507)
... Removed 32 stack frames]]>
    </failure>
  </testcase> <!-- @AfterMethod afterMethod -->
  <testcase classname="it.testware.testcases.AddCustomerTest" name="@BeforeMethod beforeMethod" time="-1.6009502992E9">
    <skipped/>
  </testcase> <!-- @BeforeMethod beforeMethod -->
  <testcase classname="it.testware.testcases.AddCustomerTest" name="@AfterMethod afterMethod" time="-1.600950299213E9">
    <skipped/>
  </testcase> <!-- @AfterMethod afterMethod -->
  <testcase classname="it.testware.testcases.BaseTest" name="@AfterClass tearDown" time="-1.600950299216E9">
    <skipped/>
  </testcase> <!-- @AfterClass tearDown -->
  <testcase classname="it.testware.testcases.LoginTest" name="loginAsBankManager" time="4.173"/>
  <testcase classname="it.testware.testcases.AddCustomerTest" name="addCustomer" time="1.162"/>
  <testcase classname="it.testware.testcases.AddCustomerTest" name="addCustomer" time="0.0">
    <skipped/>
  </testcase> <!-- addCustomer -->
</testsuite> <!-- Login Test -->
